<?xml version="1.0" encoding="UTF-8"?>
<testsuite xmlns:xsi="http://www.w3.org/2001/XMLSchema-instance" xsi:noNamespaceSchemaLocation="https://maven.apache.org/surefire/maven-surefire-plugin/xsd/surefire-test-report-3.0.xsd" version="3.0" name="com.montoy.facturacion.services.implementations.ClienteServiceImplTest" time="2.944" tests="4" errors="0" skipped="0" failures="0">
  <properties>
    <property name="java.specification.version" value="21"/>
    <property name="sun.cpu.isalist" value="amd64"/>
    <property name="sun.jnu.encoding" value="Cp1252"/>
    <property name="java.class.path" value="G:\Devs Projects\Java Spring Boot\facturacion\target\test-classes;G:\Devs Projects\Java Spring Boot\facturacion\target\classes;C:\Users\Desktop\.m2\repository\org\springframework\boot\spring-boot-starter-data-jdbc\3.2.1\spring-boot-starter-data-jdbc-3.2.1.jar;C:\Users\Desktop\.m2\repository\org\springframework\data\spring-data-jdbc\3.2.1\spring-data-jdbc-3.2.1.jar;C:\Users\Desktop\.m2\repository\org\springframework\data\spring-data-relational\3.2.1\spring-data-relational-3.2.1.jar;C:\Users\Desktop\.m2\repository\com\github\jsqlparser\jsqlparser\4.6\jsqlparser-4.6.jar;C:\Users\Desktop\.m2\repository\org\springframework\data\spring-data-commons\3.2.1\spring-data-commons-3.2.1.jar;C:\Users\Desktop\.m2\repository\org\springframework\spring-tx\6.1.2\spring-tx-6.1.2.jar;C:\Users\Desktop\.m2\repository\org\springframework\spring-context\6.1.2\spring-context-6.1.2.jar;C:\Users\Desktop\.m2\repository\org\springframework\spring-beans\6.1.2\spring-beans-6.1.2.jar;C:\Users\Desktop\.m2\repository\org\slf4j\slf4j-api\2.0.9\slf4j-api-2.0.9.jar;C:\Users\Desktop\.m2\repository\org\springframework\boot\spring-boot-starter-data-jpa\3.2.1\spring-boot-starter-data-jpa-3.2.1.jar;C:\Users\Desktop\.m2\repository\org\springframework\boot\spring-boot-starter-aop\3.2.1\spring-boot-starter-aop-3.2.1.jar;C:\Users\Desktop\.m2\repository\org\springframework\spring-aop\6.1.2\spring-aop-6.1.2.jar;C:\Users\Desktop\.m2\repository\org\aspectj\aspectjweaver\1.9.21\aspectjweaver-1.9.21.jar;C:\Users\Desktop\.m2\repository\org\hibernate\orm\hibernate-core\6.4.1.Final\hibernate-core-6.4.1.Final.jar;C:\Users\Desktop\.m2\repository\jakarta\persistence\jakarta.persistence-api\3.1.0\jakarta.persistence-api-3.1.0.jar;C:\Users\Desktop\.m2\repository\jakarta\transaction\jakarta.transaction-api\2.0.1\jakarta.transaction-api-2.0.1.jar;C:\Users\Desktop\.m2\repository\org\jboss\logging\jboss-logging\3.5.3.Final\jboss-logging-3.5.3.Final.jar;C:\Users\Desktop\.m2\repository\org\hibernate\common\hibernate-commons-annotations\6.0.6.Final\hibernate-commons-annotations-6.0.6.Final.jar;C:\Users\Desktop\.m2\repository\io\smallrye\jandex\3.1.2\jandex-3.1.2.jar;C:\Users\Desktop\.m2\repository\com\fasterxml\classmate\1.6.0\classmate-1.6.0.jar;C:\Users\Desktop\.m2\repository\net\bytebuddy\byte-buddy\1.14.10\byte-buddy-1.14.10.jar;C:\Users\Desktop\.m2\repository\org\glassfish\jaxb\jaxb-runtime\4.0.4\jaxb-runtime-4.0.4.jar;C:\Users\Desktop\.m2\repository\org\glassfish\jaxb\jaxb-core\4.0.4\jaxb-core-4.0.4.jar;C:\Users\Desktop\.m2\repository\org\eclipse\angus\angus-activation\2.0.1\angus-activation-2.0.1.jar;C:\Users\Desktop\.m2\repository\org\glassfish\jaxb\txw2\4.0.4\txw2-4.0.4.jar;C:\Users\Desktop\.m2\repository\com\sun\istack\istack-commons-runtime\4.1.2\istack-commons-runtime-4.1.2.jar;C:\Users\Desktop\.m2\repository\jakarta\inject\jakarta.inject-api\2.0.1\jakarta.inject-api-2.0.1.jar;C:\Users\Desktop\.m2\repository\org\antlr\antlr4-runtime\4.13.0\antlr4-runtime-4.13.0.jar;C:\Users\Desktop\.m2\repository\org\springframework\data\spring-data-jpa\3.2.1\spring-data-jpa-3.2.1.jar;C:\Users\Desktop\.m2\repository\org\springframework\spring-orm\6.1.2\spring-orm-6.1.2.jar;C:\Users\Desktop\.m2\repository\jakarta\annotation\jakarta.annotation-api\2.1.1\jakarta.annotation-api-2.1.1.jar;C:\Users\Desktop\.m2\repository\org\springframework\spring-aspects\6.1.2\spring-aspects-6.1.2.jar;C:\Users\Desktop\.m2\repository\org\springframework\boot\spring-boot-starter-jdbc\3.2.1\spring-boot-starter-jdbc-3.2.1.jar;C:\Users\Desktop\.m2\repository\org\springframework\boot\spring-boot-starter\3.2.1\spring-boot-starter-3.2.1.jar;C:\Users\Desktop\.m2\repository\org\springframework\boot\spring-boot\3.2.1\spring-boot-3.2.1.jar;C:\Users\Desktop\.m2\repository\org\springframework\boot\spring-boot-autoconfigure\3.2.1\spring-boot-autoconfigure-3.2.1.jar;C:\Users\Desktop\.m2\repository\org\springframework\boot\spring-boot-starter-logging\3.2.1\spring-boot-starter-logging-3.2.1.jar;C:\Users\Desktop\.m2\repository\ch\qos\logback\logback-classic\1.4.14\logback-classic-1.4.14.jar;C:\Users\Desktop\.m2\repository\ch\qos\logback\logback-core\1.4.14\logback-core-1.4.14.jar;C:\Users\Desktop\.m2\repository\org\apache\logging\log4j\log4j-to-slf4j\2.21.1\log4j-to-slf4j-2.21.1.jar;C:\Users\Desktop\.m2\repository\org\apache\logging\log4j\log4j-api\2.21.1\log4j-api-2.21.1.jar;C:\Users\Desktop\.m2\repository\org\slf4j\jul-to-slf4j\2.0.9\jul-to-slf4j-2.0.9.jar;C:\Users\Desktop\.m2\repository\org\yaml\snakeyaml\2.2\snakeyaml-2.2.jar;C:\Users\Desktop\.m2\repository\com\zaxxer\HikariCP\5.0.1\HikariCP-5.0.1.jar;C:\Users\Desktop\.m2\repository\org\springframework\spring-jdbc\6.1.2\spring-jdbc-6.1.2.jar;C:\Users\Desktop\.m2\repository\org\springframework\boot\spring-boot-starter-web\3.2.1\spring-boot-starter-web-3.2.1.jar;C:\Users\Desktop\.m2\repository\org\springframework\boot\spring-boot-starter-json\3.2.1\spring-boot-starter-json-3.2.1.jar;C:\Users\Desktop\.m2\repository\com\fasterxml\jackson\core\jackson-databind\2.15.3\jackson-databind-2.15.3.jar;C:\Users\Desktop\.m2\repository\com\fasterxml\jackson\core\jackson-annotations\2.15.3\jackson-annotations-2.15.3.jar;C:\Users\Desktop\.m2\repository\com\fasterxml\jackson\core\jackson-core\2.15.3\jackson-core-2.15.3.jar;C:\Users\Desktop\.m2\repository\com\fasterxml\jackson\datatype\jackson-datatype-jdk8\2.15.3\jackson-datatype-jdk8-2.15.3.jar;C:\Users\Desktop\.m2\repository\com\fasterxml\jackson\datatype\jackson-datatype-jsr310\2.15.3\jackson-datatype-jsr310-2.15.3.jar;C:\Users\Desktop\.m2\repository\com\fasterxml\jackson\module\jackson-module-parameter-names\2.15.3\jackson-module-parameter-names-2.15.3.jar;C:\Users\Desktop\.m2\repository\org\springframework\boot\spring-boot-starter-tomcat\3.2.1\spring-boot-starter-tomcat-3.2.1.jar;C:\Users\Desktop\.m2\repository\org\apache\tomcat\embed\tomcat-embed-core\10.1.17\tomcat-embed-core-10.1.17.jar;C:\Users\Desktop\.m2\repository\org\apache\tomcat\embed\tomcat-embed-el\10.1.17\tomcat-embed-el-10.1.17.jar;C:\Users\Desktop\.m2\repository\org\apache\tomcat\embed\tomcat-embed-websocket\10.1.17\tomcat-embed-websocket-10.1.17.jar;C:\Users\Desktop\.m2\repository\org\springframework\spring-web\6.1.2\spring-web-6.1.2.jar;C:\Users\Desktop\.m2\repository\io\micrometer\micrometer-observation\1.12.1\micrometer-observation-1.12.1.jar;C:\Users\Desktop\.m2\repository\io\micrometer\micrometer-commons\1.12.1\micrometer-commons-1.12.1.jar;C:\Users\Desktop\.m2\repository\org\springframework\spring-webmvc\6.1.2\spring-webmvc-6.1.2.jar;C:\Users\Desktop\.m2\repository\org\springframework\spring-expression\6.1.2\spring-expression-6.1.2.jar;C:\Users\Desktop\.m2\repository\com\h2database\h2\2.2.224\h2-2.2.224.jar;C:\Users\Desktop\.m2\repository\com\mysql\mysql-connector-j\8.1.0\mysql-connector-j-8.1.0.jar;C:\Users\Desktop\.m2\repository\org\projectlombok\lombok\1.18.30\lombok-1.18.30.jar;C:\Users\Desktop\.m2\repository\org\springframework\boot\spring-boot-starter-test\3.2.1\spring-boot-starter-test-3.2.1.jar;C:\Users\Desktop\.m2\repository\org\springframework\boot\spring-boot-test\3.2.1\spring-boot-test-3.2.1.jar;C:\Users\Desktop\.m2\repository\org\springframework\boot\spring-boot-test-autoconfigure\3.2.1\spring-boot-test-autoconfigure-3.2.1.jar;C:\Users\Desktop\.m2\repository\com\jayway\jsonpath\json-path\2.8.0\json-path-2.8.0.jar;C:\Users\Desktop\.m2\repository\jakarta\xml\bind\jakarta.xml.bind-api\4.0.1\jakarta.xml.bind-api-4.0.1.jar;C:\Users\Desktop\.m2\repository\jakarta\activation\jakarta.activation-api\2.1.2\jakarta.activation-api-2.1.2.jar;C:\Users\Desktop\.m2\repository\net\minidev\json-smart\2.5.0\json-smart-2.5.0.jar;C:\Users\Desktop\.m2\repository\net\minidev\accessors-smart\2.5.0\accessors-smart-2.5.0.jar;C:\Users\Desktop\.m2\repository\org\ow2\asm\asm\9.3\asm-9.3.jar;C:\Users\Desktop\.m2\repository\org\assertj\assertj-core\3.24.2\assertj-core-3.24.2.jar;C:\Users\Desktop\.m2\repository\org\awaitility\awaitility\4.2.0\awaitility-4.2.0.jar;C:\Users\Desktop\.m2\repository\org\hamcrest\hamcrest\2.2\hamcrest-2.2.jar;C:\Users\Desktop\.m2\repository\org\junit\jupiter\junit-jupiter\5.10.1\junit-jupiter-5.10.1.jar;C:\Users\Desktop\.m2\repository\org\junit\jupiter\junit-jupiter-api\5.10.1\junit-jupiter-api-5.10.1.jar;C:\Users\Desktop\.m2\repository\org\opentest4j\opentest4j\1.3.0\opentest4j-1.3.0.jar;C:\Users\Desktop\.m2\repository\org\junit\platform\junit-platform-commons\1.10.1\junit-platform-commons-1.10.1.jar;C:\Users\Desktop\.m2\repository\org\apiguardian\apiguardian-api\1.1.2\apiguardian-api-1.1.2.jar;C:\Users\Desktop\.m2\repository\org\junit\jupiter\junit-jupiter-params\5.10.1\junit-jupiter-params-5.10.1.jar;C:\Users\Desktop\.m2\repository\org\junit\jupiter\junit-jupiter-engine\5.10.1\junit-jupiter-engine-5.10.1.jar;C:\Users\Desktop\.m2\repository\org\junit\platform\junit-platform-engine\1.10.1\junit-platform-engine-1.10.1.jar;C:\Users\Desktop\.m2\repository\org\mockito\mockito-core\5.7.0\mockito-core-5.7.0.jar;C:\Users\Desktop\.m2\repository\net\bytebuddy\byte-buddy-agent\1.14.10\byte-buddy-agent-1.14.10.jar;C:\Users\Desktop\.m2\repository\org\objenesis\objenesis\3.3\objenesis-3.3.jar;C:\Users\Desktop\.m2\repository\org\mockito\mockito-junit-jupiter\5.7.0\mockito-junit-jupiter-5.7.0.jar;C:\Users\Desktop\.m2\repository\org\skyscreamer\jsonassert\1.5.1\jsonassert-1.5.1.jar;C:\Users\Desktop\.m2\repository\com\vaadin\external\google\android-json\0.0.20131108.vaadin1\android-json-0.0.20131108.vaadin1.jar;C:\Users\Desktop\.m2\repository\org\springframework\spring-core\6.1.2\spring-core-6.1.2.jar;C:\Users\Desktop\.m2\repository\org\springframework\spring-jcl\6.1.2\spring-jcl-6.1.2.jar;C:\Users\Desktop\.m2\repository\org\springframework\spring-test\6.1.2\spring-test-6.1.2.jar;C:\Users\Desktop\.m2\repository\org\xmlunit\xmlunit-core\2.9.1\xmlunit-core-2.9.1.jar;C:\Users\Desktop\.m2\repository\org\mybatis\spring\boot\mybatis-spring-boot-starter\3.0.3\mybatis-spring-boot-starter-3.0.3.jar;C:\Users\Desktop\.m2\repository\org\mybatis\spring\boot\mybatis-spring-boot-autoconfigure\3.0.3\mybatis-spring-boot-autoconfigure-3.0.3.jar;C:\Users\Desktop\.m2\repository\org\mybatis\mybatis\3.5.14\mybatis-3.5.14.jar;C:\Users\Desktop\.m2\repository\org\mybatis\mybatis-spring\3.0.3\mybatis-spring-3.0.3.jar;"/>
    <property name="java.vm.vendor" value="Oracle Corporation"/>
    <property name="sun.arch.data.model" value="64"/>
    <property name="user.variant" value=""/>
    <property name="java.vendor.url" value="https://java.oracle.com/"/>
    <property name="user.timezone" value="America/Buenos_Aires"/>
    <property name="org.jboss.logging.provider" value="slf4j"/>
    <property name="os.name" value="Windows 10"/>
    <property name="java.vm.specification.version" value="21"/>
    <property name="sun.java.launcher" value="SUN_STANDARD"/>
    <property name="user.country" value="AR"/>
    <property name="sun.boot.library.path" value="G:\Devs Projects\openjdk-21+35_windows-x64_bin\jdk-21\bin"/>
    <property name="sun.java.command" value="C:\Users\Desktop\AppData\Local\Temp\surefire3071076817932383699\surefirebooter-20240729133533875_3.jar C:\Users\Desktop\AppData\Local\Temp\surefire3071076817932383699 2024-07-29T13-35-33_304-jvmRun1 surefire-20240729133533875_1tmp surefire_0-20240729133533875_2tmp"/>
    <property name="jdk.debug" value="release"/>
    <property name="surefire.test.class.path" value="G:\Devs Projects\Java Spring Boot\facturacion\target\test-classes;G:\Devs Projects\Java Spring Boot\facturacion\target\classes;C:\Users\Desktop\.m2\repository\org\springframework\boot\spring-boot-starter-data-jdbc\3.2.1\spring-boot-starter-data-jdbc-3.2.1.jar;C:\Users\Desktop\.m2\repository\org\springframework\data\spring-data-jdbc\3.2.1\spring-data-jdbc-3.2.1.jar;C:\Users\Desktop\.m2\repository\org\springframework\data\spring-data-relational\3.2.1\spring-data-relational-3.2.1.jar;C:\Users\Desktop\.m2\repository\com\github\jsqlparser\jsqlparser\4.6\jsqlparser-4.6.jar;C:\Users\Desktop\.m2\repository\org\springframework\data\spring-data-commons\3.2.1\spring-data-commons-3.2.1.jar;C:\Users\Desktop\.m2\repository\org\springframework\spring-tx\6.1.2\spring-tx-6.1.2.jar;C:\Users\Desktop\.m2\repository\org\springframework\spring-context\6.1.2\spring-context-6.1.2.jar;C:\Users\Desktop\.m2\repository\org\springframework\spring-beans\6.1.2\spring-beans-6.1.2.jar;C:\Users\Desktop\.m2\repository\org\slf4j\slf4j-api\2.0.9\slf4j-api-2.0.9.jar;C:\Users\Desktop\.m2\repository\org\springframework\boot\spring-boot-starter-data-jpa\3.2.1\spring-boot-starter-data-jpa-3.2.1.jar;C:\Users\Desktop\.m2\repository\org\springframework\boot\spring-boot-starter-aop\3.2.1\spring-boot-starter-aop-3.2.1.jar;C:\Users\Desktop\.m2\repository\org\springframework\spring-aop\6.1.2\spring-aop-6.1.2.jar;C:\Users\Desktop\.m2\repository\org\aspectj\aspectjweaver\1.9.21\aspectjweaver-1.9.21.jar;C:\Users\Desktop\.m2\repository\org\hibernate\orm\hibernate-core\6.4.1.Final\hibernate-core-6.4.1.Final.jar;C:\Users\Desktop\.m2\repository\jakarta\persistence\jakarta.persistence-api\3.1.0\jakarta.persistence-api-3.1.0.jar;C:\Users\Desktop\.m2\repository\jakarta\transaction\jakarta.transaction-api\2.0.1\jakarta.transaction-api-2.0.1.jar;C:\Users\Desktop\.m2\repository\org\jboss\logging\jboss-logging\3.5.3.Final\jboss-logging-3.5.3.Final.jar;C:\Users\Desktop\.m2\repository\org\hibernate\common\hibernate-commons-annotations\6.0.6.Final\hibernate-commons-annotations-6.0.6.Final.jar;C:\Users\Desktop\.m2\repository\io\smallrye\jandex\3.1.2\jandex-3.1.2.jar;C:\Users\Desktop\.m2\repository\com\fasterxml\classmate\1.6.0\classmate-1.6.0.jar;C:\Users\Desktop\.m2\repository\net\bytebuddy\byte-buddy\1.14.10\byte-buddy-1.14.10.jar;C:\Users\Desktop\.m2\repository\org\glassfish\jaxb\jaxb-runtime\4.0.4\jaxb-runtime-4.0.4.jar;C:\Users\Desktop\.m2\repository\org\glassfish\jaxb\jaxb-core\4.0.4\jaxb-core-4.0.4.jar;C:\Users\Desktop\.m2\repository\org\eclipse\angus\angus-activation\2.0.1\angus-activation-2.0.1.jar;C:\Users\Desktop\.m2\repository\org\glassfish\jaxb\txw2\4.0.4\txw2-4.0.4.jar;C:\Users\Desktop\.m2\repository\com\sun\istack\istack-commons-runtime\4.1.2\istack-commons-runtime-4.1.2.jar;C:\Users\Desktop\.m2\repository\jakarta\inject\jakarta.inject-api\2.0.1\jakarta.inject-api-2.0.1.jar;C:\Users\Desktop\.m2\repository\org\antlr\antlr4-runtime\4.13.0\antlr4-runtime-4.13.0.jar;C:\Users\Desktop\.m2\repository\org\springframework\data\spring-data-jpa\3.2.1\spring-data-jpa-3.2.1.jar;C:\Users\Desktop\.m2\repository\org\springframework\spring-orm\6.1.2\spring-orm-6.1.2.jar;C:\Users\Desktop\.m2\repository\jakarta\annotation\jakarta.annotation-api\2.1.1\jakarta.annotation-api-2.1.1.jar;C:\Users\Desktop\.m2\repository\org\springframework\spring-aspects\6.1.2\spring-aspects-6.1.2.jar;C:\Users\Desktop\.m2\repository\org\springframework\boot\spring-boot-starter-jdbc\3.2.1\spring-boot-starter-jdbc-3.2.1.jar;C:\Users\Desktop\.m2\repository\org\springframework\boot\spring-boot-starter\3.2.1\spring-boot-starter-3.2.1.jar;C:\Users\Desktop\.m2\repository\org\springframework\boot\spring-boot\3.2.1\spring-boot-3.2.1.jar;C:\Users\Desktop\.m2\repository\org\springframework\boot\spring-boot-autoconfigure\3.2.1\spring-boot-autoconfigure-3.2.1.jar;C:\Users\Desktop\.m2\repository\org\springframework\boot\spring-boot-starter-logging\3.2.1\spring-boot-starter-logging-3.2.1.jar;C:\Users\Desktop\.m2\repository\ch\qos\logback\logback-classic\1.4.14\logback-classic-1.4.14.jar;C:\Users\Desktop\.m2\repository\ch\qos\logback\logback-core\1.4.14\logback-core-1.4.14.jar;C:\Users\Desktop\.m2\repository\org\apache\logging\log4j\log4j-to-slf4j\2.21.1\log4j-to-slf4j-2.21.1.jar;C:\Users\Desktop\.m2\repository\org\apache\logging\log4j\log4j-api\2.21.1\log4j-api-2.21.1.jar;C:\Users\Desktop\.m2\repository\org\slf4j\jul-to-slf4j\2.0.9\jul-to-slf4j-2.0.9.jar;C:\Users\Desktop\.m2\repository\org\yaml\snakeyaml\2.2\snakeyaml-2.2.jar;C:\Users\Desktop\.m2\repository\com\zaxxer\HikariCP\5.0.1\HikariCP-5.0.1.jar;C:\Users\Desktop\.m2\repository\org\springframework\spring-jdbc\6.1.2\spring-jdbc-6.1.2.jar;C:\Users\Desktop\.m2\repository\org\springframework\boot\spring-boot-starter-web\3.2.1\spring-boot-starter-web-3.2.1.jar;C:\Users\Desktop\.m2\repository\org\springframework\boot\spring-boot-starter-json\3.2.1\spring-boot-starter-json-3.2.1.jar;C:\Users\Desktop\.m2\repository\com\fasterxml\jackson\core\jackson-databind\2.15.3\jackson-databind-2.15.3.jar;C:\Users\Desktop\.m2\repository\com\fasterxml\jackson\core\jackson-annotations\2.15.3\jackson-annotations-2.15.3.jar;C:\Users\Desktop\.m2\repository\com\fasterxml\jackson\core\jackson-core\2.15.3\jackson-core-2.15.3.jar;C:\Users\Desktop\.m2\repository\com\fasterxml\jackson\datatype\jackson-datatype-jdk8\2.15.3\jackson-datatype-jdk8-2.15.3.jar;C:\Users\Desktop\.m2\repository\com\fasterxml\jackson\datatype\jackson-datatype-jsr310\2.15.3\jackson-datatype-jsr310-2.15.3.jar;C:\Users\Desktop\.m2\repository\com\fasterxml\jackson\module\jackson-module-parameter-names\2.15.3\jackson-module-parameter-names-2.15.3.jar;C:\Users\Desktop\.m2\repository\org\springframework\boot\spring-boot-starter-tomcat\3.2.1\spring-boot-starter-tomcat-3.2.1.jar;C:\Users\Desktop\.m2\repository\org\apache\tomcat\embed\tomcat-embed-core\10.1.17\tomcat-embed-core-10.1.17.jar;C:\Users\Desktop\.m2\repository\org\apache\tomcat\embed\tomcat-embed-el\10.1.17\tomcat-embed-el-10.1.17.jar;C:\Users\Desktop\.m2\repository\org\apache\tomcat\embed\tomcat-embed-websocket\10.1.17\tomcat-embed-websocket-10.1.17.jar;C:\Users\Desktop\.m2\repository\org\springframework\spring-web\6.1.2\spring-web-6.1.2.jar;C:\Users\Desktop\.m2\repository\io\micrometer\micrometer-observation\1.12.1\micrometer-observation-1.12.1.jar;C:\Users\Desktop\.m2\repository\io\micrometer\micrometer-commons\1.12.1\micrometer-commons-1.12.1.jar;C:\Users\Desktop\.m2\repository\org\springframework\spring-webmvc\6.1.2\spring-webmvc-6.1.2.jar;C:\Users\Desktop\.m2\repository\org\springframework\spring-expression\6.1.2\spring-expression-6.1.2.jar;C:\Users\Desktop\.m2\repository\com\h2database\h2\2.2.224\h2-2.2.224.jar;C:\Users\Desktop\.m2\repository\com\mysql\mysql-connector-j\8.1.0\mysql-connector-j-8.1.0.jar;C:\Users\Desktop\.m2\repository\org\projectlombok\lombok\1.18.30\lombok-1.18.30.jar;C:\Users\Desktop\.m2\repository\org\springframework\boot\spring-boot-starter-test\3.2.1\spring-boot-starter-test-3.2.1.jar;C:\Users\Desktop\.m2\repository\org\springframework\boot\spring-boot-test\3.2.1\spring-boot-test-3.2.1.jar;C:\Users\Desktop\.m2\repository\org\springframework\boot\spring-boot-test-autoconfigure\3.2.1\spring-boot-test-autoconfigure-3.2.1.jar;C:\Users\Desktop\.m2\repository\com\jayway\jsonpath\json-path\2.8.0\json-path-2.8.0.jar;C:\Users\Desktop\.m2\repository\jakarta\xml\bind\jakarta.xml.bind-api\4.0.1\jakarta.xml.bind-api-4.0.1.jar;C:\Users\Desktop\.m2\repository\jakarta\activation\jakarta.activation-api\2.1.2\jakarta.activation-api-2.1.2.jar;C:\Users\Desktop\.m2\repository\net\minidev\json-smart\2.5.0\json-smart-2.5.0.jar;C:\Users\Desktop\.m2\repository\net\minidev\accessors-smart\2.5.0\accessors-smart-2.5.0.jar;C:\Users\Desktop\.m2\repository\org\ow2\asm\asm\9.3\asm-9.3.jar;C:\Users\Desktop\.m2\repository\org\assertj\assertj-core\3.24.2\assertj-core-3.24.2.jar;C:\Users\Desktop\.m2\repository\org\awaitility\awaitility\4.2.0\awaitility-4.2.0.jar;C:\Users\Desktop\.m2\repository\org\hamcrest\hamcrest\2.2\hamcrest-2.2.jar;C:\Users\Desktop\.m2\repository\org\junit\jupiter\junit-jupiter\5.10.1\junit-jupiter-5.10.1.jar;C:\Users\Desktop\.m2\repository\org\junit\jupiter\junit-jupiter-api\5.10.1\junit-jupiter-api-5.10.1.jar;C:\Users\Desktop\.m2\repository\org\opentest4j\opentest4j\1.3.0\opentest4j-1.3.0.jar;C:\Users\Desktop\.m2\repository\org\junit\platform\junit-platform-commons\1.10.1\junit-platform-commons-1.10.1.jar;C:\Users\Desktop\.m2\repository\org\apiguardian\apiguardian-api\1.1.2\apiguardian-api-1.1.2.jar;C:\Users\Desktop\.m2\repository\org\junit\jupiter\junit-jupiter-params\5.10.1\junit-jupiter-params-5.10.1.jar;C:\Users\Desktop\.m2\repository\org\junit\jupiter\junit-jupiter-engine\5.10.1\junit-jupiter-engine-5.10.1.jar;C:\Users\Desktop\.m2\repository\org\junit\platform\junit-platform-engine\1.10.1\junit-platform-engine-1.10.1.jar;C:\Users\Desktop\.m2\repository\org\mockito\mockito-core\5.7.0\mockito-core-5.7.0.jar;C:\Users\Desktop\.m2\repository\net\bytebuddy\byte-buddy-agent\1.14.10\byte-buddy-agent-1.14.10.jar;C:\Users\Desktop\.m2\repository\org\objenesis\objenesis\3.3\objenesis-3.3.jar;C:\Users\Desktop\.m2\repository\org\mockito\mockito-junit-jupiter\5.7.0\mockito-junit-jupiter-5.7.0.jar;C:\Users\Desktop\.m2\repository\org\skyscreamer\jsonassert\1.5.1\jsonassert-1.5.1.jar;C:\Users\Desktop\.m2\repository\com\vaadin\external\google\android-json\0.0.20131108.vaadin1\android-json-0.0.20131108.vaadin1.jar;C:\Users\Desktop\.m2\repository\org\springframework\spring-core\6.1.2\spring-core-6.1.2.jar;C:\Users\Desktop\.m2\repository\org\springframework\spring-jcl\6.1.2\spring-jcl-6.1.2.jar;C:\Users\Desktop\.m2\repository\org\springframework\spring-test\6.1.2\spring-test-6.1.2.jar;C:\Users\Desktop\.m2\repository\org\xmlunit\xmlunit-core\2.9.1\xmlunit-core-2.9.1.jar;C:\Users\Desktop\.m2\repository\org\mybatis\spring\boot\mybatis-spring-boot-starter\3.0.3\mybatis-spring-boot-starter-3.0.3.jar;C:\Users\Desktop\.m2\repository\org\mybatis\spring\boot\mybatis-spring-boot-autoconfigure\3.0.3\mybatis-spring-boot-autoconfigure-3.0.3.jar;C:\Users\Desktop\.m2\repository\org\mybatis\mybatis\3.5.14\mybatis-3.5.14.jar;C:\Users\Desktop\.m2\repository\org\mybatis\mybatis-spring\3.0.3\mybatis-spring-3.0.3.jar;"/>
    <property name="sun.cpu.endian" value="little"/>
    <property name="user.home" value="C:\Users\Desktop"/>
    <property name="user.language" value="es"/>
    <property name="java.specification.vendor" value="Oracle Corporation"/>
    <property name="java.version.date" value="2023-09-19"/>
    <property name="java.home" value="G:\Devs Projects\openjdk-21+35_windows-x64_bin\jdk-21"/>
    <property name="file.separator" value="\"/>
    <property name="basedir" value="G:\Devs Projects\Java Spring Boot\facturacion"/>
    <property name="java.vm.compressedOopsMode" value="32-bit"/>
    <property name="line.separator" value="&#10;"/>
    <property name="java.vm.specification.vendor" value="Oracle Corporation"/>
    <property name="java.specification.name" value="Java Platform API Specification"/>
    <property name="FILE_LOG_CHARSET" value="UTF-8"/>
    <property name="java.awt.headless" value="true"/>
    <property name="surefire.real.class.path" value="C:\Users\Desktop\AppData\Local\Temp\surefire3071076817932383699\surefirebooter-20240729133533875_3.jar"/>
    <property name="user.script" value=""/>
    <property name="sun.management.compiler" value="HotSpot 64-Bit Tiered Compilers"/>
    <property name="java.runtime.version" value="21+35-2513"/>
    <property name="user.name" value="Desktop"/>
    <property name="stdout.encoding" value="Cp1252"/>
    <property name="path.separator" value=";"/>
    <property name="os.version" value="10.0"/>
    <property name="java.runtime.name" value="OpenJDK Runtime Environment"/>
    <property name="file.encoding" value="UTF-8"/>
    <property name="java.vm.name" value="OpenJDK 64-Bit Server VM"/>
    <property name="localRepository" value="C:\Users\Desktop\.m2\repository"/>
    <property name="java.vendor.url.bug" value="https://bugreport.java.com/bugreport/"/>
    <property name="java.io.tmpdir" value="C:\Users\Desktop\AppData\Local\Temp\"/>
    <property name="com.zaxxer.hikari.pool_number" value="1"/>
    <property name="java.version" value="21"/>
    <property name="user.dir" value="G:\Devs Projects\Java Spring Boot\facturacion"/>
    <property name="os.arch" value="amd64"/>
    <property name="java.vm.specification.name" value="Java Virtual Machine Specification"/>
    <property name="PID" value="8084"/>
    <property name="sun.os.patch.level" value=""/>
    <property name="CONSOLE_LOG_CHARSET" value="UTF-8"/>
    <property name="native.encoding" value="Cp1252"/>
    <property name="java.library.path" value="G:\Devs Projects\openjdk-21+35_windows-x64_bin\jdk-21\bin;C:\WINDOWS\Sun\Java\bin;C:\WINDOWS\system32;C:\WINDOWS;C:\Python312\Scripts\;C:\Python312\;C:\WINDOWS\system32;C:\WINDOWS;C:\WINDOWS\System32\Wbem;C:\WINDOWS\System32\WindowsPowerShell\v1.0\;C:\WINDOWS\System32\OpenSSH\;C:\Program Files (x86)\ATI Technologies\ATI.ACE\Core-Static;C:\Program Files\nodejs\;C:\ProgramData\chocolatey\bin;G:\Devs Projects\apache-maven-3.9.6\bin;G:\Devs Projects\openjdk-21+35_windows-x64_bin\jdk-21\bin;C:\Program Files\Git\cmd;C:\Users\Desktop\AppData\Local\Microsoft\WindowsApps;C:\Users\Desktop\AppData\Roaming\npm;C:\Users\Desktop\AppData\Local\Programs\Microsoft VS Code\bin;C:\Program Files\JetBrains\IntelliJ IDEA Community Edition 2023.3.2\bin;;;."/>
    <property name="java.vm.info" value="mixed mode, sharing"/>
    <property name="stderr.encoding" value="Cp1252"/>
    <property name="java.vendor" value="Oracle Corporation"/>
    <property name="java.vm.version" value="21+35-2513"/>
    <property name="sun.io.unicode.encoding" value="UnicodeLittle"/>
    <property name="java.class.version" value="65.0"/>
  </properties>
  <testcase name="retrieveClientes" classname="com.montoy.facturacion.services.implementations.ClienteServiceImplTest" time="0.313">
    <system-out><![CDATA[2024-07-29T13:35:51.258-03:00  INFO 8084 --- [           main] t.c.s.AnnotationConfigContextLoaderUtils : Could not detect default configuration classes for test class [com.montoy.facturacion.services.implementations.ClienteServiceImplTest]: ClienteServiceImplTest does not declare any static, non-private, non-final, nested classes annotated with @Configuration.
2024-07-29T13:35:51.436-03:00  INFO 8084 --- [           main] .b.t.c.SpringBootTestContextBootstrapper : Found @SpringBootConfiguration com.montoy.facturacion.FacturacionSimpleBackendApplication for test class com.montoy.facturacion.services.implementations.ClienteServiceImplTest

  .   ____          _            __ _ _
 /\\ / ___'_ __ _ _(_)_ __  __ _ \ \ \ \
( ( )\___ | '_ | '_| | '_ \/ _` | \ \ \ \
 \\/  ___)| |_)| | | | | || (_| |  ) ) ) )
  '  |____| .__|_| |_|_| |_\__, | / / / /
 =========|_|==============|___/=/_/_/_/
 :: Spring Boot ::                (v3.2.1)

2024-07-29T13:35:51.530-03:00  INFO 8084 --- [           main] c.m.f.s.i.ClienteServiceImplTest         : Starting ClienteServiceImplTest using Java 21 with PID 8084 (started by Desktop in G:\Devs Projects\Java Spring Boot\facturacion)
2024-07-29T13:35:51.530-03:00  INFO 8084 --- [           main] c.m.f.s.i.ClienteServiceImplTest         : No active profile set, falling back to 1 default profile: "default"
2024-07-29T13:35:51.774-03:00  INFO 8084 --- [           main] .s.d.r.c.RepositoryConfigurationDelegate : Multiple Spring Data modules found, entering strict repository configuration mode
2024-07-29T13:35:51.775-03:00  INFO 8084 --- [           main] .s.d.r.c.RepositoryConfigurationDelegate : Bootstrapping Spring Data JPA repositories in DEFAULT mode.
2024-07-29T13:35:51.824-03:00  INFO 8084 --- [           main] .s.d.r.c.RepositoryConfigurationDelegate : Finished Spring Data repository scanning in 49 ms. Found 8 JPA repository interfaces.
2024-07-29T13:35:51.861-03:00  INFO 8084 --- [           main] beddedDataSourceBeanFactoryPostProcessor : Replacing 'dataSource' DataSource bean with embedded version
2024-07-29T13:35:51.919-03:00  INFO 8084 --- [           main] o.s.j.d.e.EmbeddedDatabaseFactory        : Starting embedded database: url='jdbc:h2:mem:294601c0-75fa-44e8-8670-be2e4502cc0c;DB_CLOSE_DELAY=-1;DB_CLOSE_ON_EXIT=false', username='sa'
2024-07-29T13:35:51.966-03:00  INFO 8084 --- [           main] o.hibernate.jpa.internal.util.LogHelper  : HHH000204: Processing PersistenceUnitInfo [name: default]
2024-07-29T13:35:51.973-03:00  INFO 8084 --- [           main] o.h.c.internal.RegionFactoryInitiator    : HHH000026: Second-level cache disabled
2024-07-29T13:35:51.982-03:00  INFO 8084 --- [           main] o.s.o.j.p.SpringPersistenceUnitInfo      : No LoadTimeWeaver setup: ignoring JPA class transformer
2024-07-29T13:35:52.847-03:00  INFO 8084 --- [           main] o.h.e.t.j.p.i.JtaPlatformInitiator       : HHH000489: No JTA platform available (set 'hibernate.transaction.jta.platform' to enable JTA platform integration)
Hibernate: create table ajustes_stock (id bigint generated by default as identity, fecha_ajuste timestamp(6) not null, primary key (id))
Hibernate: create table clientes (id bigint generated by default as identity, de_alta boolean not null, direccion varchar(255), email varchar(255), telefono varchar(255), primary key (id))
Hibernate: create table clientes_pers_fis (dni integer not null, apellido varchar(255), nombre varchar(255), cliente_id bigint not null, primary key (cliente_id))
Hibernate: create table clientes_pers_jur (cuit_cuil varchar(255) not null, razon_social varchar(255), cliente_id bigint not null, primary key (cliente_id))
Hibernate: create table codigos_prod_prov (id bigint generated by default as identity, codigo varchar(255) not null, producto_id bigint, proveedor_id bigint, primary key (id))
Hibernate: create table entradas_stock (id bigint generated by default as identity, fecha_entrada timestamp(6) not null, proveedor_id bigint, primary key (id))
Hibernate: create table facturas (id bigint generated by default as identity, fecha_emision timestamp(6) not null, cliente_id bigint, primary key (id))
Hibernate: create table itemsajustes (id bigint generated by default as identity, cantidad_ajuste float(53), diferencia_ajuste float(53), nombre_producto varchar(255), ajuste_id bigint, producto_id bigint, primary key (id))
Hibernate: create table itemsentradas (id bigint generated by default as identity, cantidad float(53), nombre_producto varchar(255), precio_costo float(53), productocode_id bigint, proveedor_id bigint, entrada_id bigint not null, producto_id bigint, primary key (id))
Hibernate: create table itemsfacturas (id bigint generated by default as identity, cantidad float(53), nombre_producto varchar(255), precio float(53), factura_id bigint not null, producto_id bigint, primary key (id))
Hibernate: create table itemssalidas (id bigint generated by default as identity, cantidad float(53), nombre_producto varchar(255), precio_costo float(53), producto_id bigint, salida_id bigint not null, primary key (id))
Hibernate: create table marcas (id bigint generated by default as identity, descripcion varchar(255), nombre varchar(255) not null, primary key (id))
Hibernate: create table planillas_stock (id bigint generated by default as identity, cantidad_critica decimal, cantidad_stock decimal, cantidad_ultima_entrada decimal, cantidad_ultima_salida decimal, diferencia_ajuste decimal, fecha_ultima_entrada timestamp(6), fecha_ultima_salida timestamp(6), fecha_ultimo_ajuste timestamp(6), primary key (id))
Hibernate: create table producto_stock (planilla_id bigint, producto_id bigint not null, primary key (producto_id))
Hibernate: create table productos (id bigint generated by default as identity, codigo varchar(255) not null, descripcion varchar(1024), fecha_creacion timestamp(6), fecha_modificacion timestamp(6), fecha_modificacion_precio timestamp(6), nombre varchar(255) not null, precio decimal, marca_id bigint, rubro_id bigint, primary key (id))
Hibernate: create table proveedores (id bigint generated by default as identity, de_alta boolean not null, direccion varchar(255), email varchar(255), telefono varchar(255), primary key (id))
Hibernate: create table proveedores_pers_fis (dni integer not null, apellido varchar(255), nombre varchar(255), proveedor_id bigint not null, primary key (proveedor_id))
Hibernate: create table proveedores_pers_jur (cuit_cuil varchar(255) not null, razon_social varchar(255), proveedor_id bigint not null, primary key (proveedor_id))
Hibernate: create table rubros (id bigint generated by default as identity, descripcion varchar(1024), nivel_rubro integer not null, nombre varchar(255) not null, rubro_id bigint, primary key (id))
Hibernate: create table salidas_stock (id bigint generated by default as identity, fecha_salida timestamp(6) not null, motivo varchar(255), primary key (id))
Hibernate: alter table if exists clientes_pers_fis drop constraint if exists UK_mhsce4wu446ir9uljvo558bi2
Hibernate: alter table if exists clientes_pers_fis add constraint UK_mhsce4wu446ir9uljvo558bi2 unique (dni)
Hibernate: alter table if exists clientes_pers_jur drop constraint if exists UK_1e4e7di0hliecfwo4pj8yaefj
Hibernate: alter table if exists clientes_pers_jur add constraint UK_1e4e7di0hliecfwo4pj8yaefj unique (cuit_cuil)
Hibernate: alter table if exists codigos_prod_prov drop constraint if exists UK6k1n4rllx5kkh886e49ajqcrg
Hibernate: alter table if exists codigos_prod_prov add constraint UK6k1n4rllx5kkh886e49ajqcrg unique (producto_id, proveedor_id)
Hibernate: alter table if exists itemsfacturas drop constraint if exists UKl3comjoxdbdxfakon8pkrpsjk
Hibernate: alter table if exists itemsfacturas add constraint UKl3comjoxdbdxfakon8pkrpsjk unique (producto_id, factura_id)
Hibernate: alter table if exists marcas drop constraint if exists UK_f9j5vnky0egidx9qqqa4gbf85
Hibernate: alter table if exists marcas add constraint UK_f9j5vnky0egidx9qqqa4gbf85 unique (nombre)
Hibernate: alter table if exists producto_stock drop constraint if exists UK_g7i9o3cv2vjwkypewt50k63jc
Hibernate: alter table if exists producto_stock add constraint UK_g7i9o3cv2vjwkypewt50k63jc unique (planilla_id)
Hibernate: alter table if exists productos drop constraint if exists UK_h04wpyqwddobltuqq56cp6s05
Hibernate: alter table if exists productos add constraint UK_h04wpyqwddobltuqq56cp6s05 unique (codigo)
Hibernate: alter table if exists proveedores_pers_fis drop constraint if exists UK_qxghdnv7pxmssc7j5kfyvl5ww
Hibernate: alter table if exists proveedores_pers_fis add constraint UK_qxghdnv7pxmssc7j5kfyvl5ww unique (dni)
Hibernate: alter table if exists proveedores_pers_jur drop constraint if exists UK_lm8t7lptyqell1bsvxqonien8
Hibernate: alter table if exists proveedores_pers_jur add constraint UK_lm8t7lptyqell1bsvxqonien8 unique (cuit_cuil)
Hibernate: alter table if exists rubros drop constraint if exists UK_laj7lr5ake0hann40gju15i9v
Hibernate: alter table if exists rubros add constraint UK_laj7lr5ake0hann40gju15i9v unique (nombre)
Hibernate: alter table if exists clientes_pers_fis add constraint FKoyu5dk5hd8x8rdjr3q6n2kxod foreign key (cliente_id) references clientes
Hibernate: alter table if exists clientes_pers_jur add constraint FKdb1sxd6ac3qa8d53qyvt8p768 foreign key (cliente_id) references clientes
Hibernate: alter table if exists codigos_prod_prov add constraint FKrilraln4qhmjg268svv39defj foreign key (producto_id) references productos
Hibernate: alter table if exists codigos_prod_prov add constraint FKklqjs2h2684dyt0gxh2d1rm3w foreign key (proveedor_id) references proveedores
Hibernate: alter table if exists entradas_stock add constraint FKil7q77xii0ppaplpnkhr3hgb0 foreign key (proveedor_id) references proveedores
Hibernate: alter table if exists facturas add constraint FK1qiuk10rfkovhlfpsk7oic0v8 foreign key (cliente_id) references clientes
Hibernate: alter table if exists itemsajustes add constraint FKo3urxt9vdkkhynjagc0dej18q foreign key (ajuste_id) references ajustes_stock
Hibernate: alter table if exists itemsajustes add constraint FK41qmxvmbekuujfa70oyrbo9fm foreign key (producto_id) references productos
Hibernate: alter table if exists itemsentradas add constraint FKa4t3nn2uhfs1apoeml9b3xdjm foreign key (productocode_id, proveedor_id) references codigos_prod_prov (producto_id, proveedor_id)
Hibernate: alter table if exists itemsentradas add constraint FKmwhtbehpi36jyprl6ktf85e22 foreign key (entrada_id) references entradas_stock
Hibernate: alter table if exists itemsentradas add constraint FK8hg8nsqvtq16tbm0q2vrhr5f0 foreign key (producto_id) references productos
Hibernate: alter table if exists itemsfacturas add constraint FKiuiqlf15uxyrjhb8svvpdriia foreign key (factura_id) references facturas
Hibernate: alter table if exists itemsfacturas add constraint FKr3auqcwfvokil9fo6ge5lab9t foreign key (producto_id) references productos
Hibernate: alter table if exists itemssalidas add constraint FKgjgiuqch2y17tvvjvoykgbxf4 foreign key (producto_id) references productos
Hibernate: alter table if exists itemssalidas add constraint FKlom9y28u7rje11ja8sexd0avh foreign key (salida_id) references salidas_stock
Hibernate: alter table if exists producto_stock add constraint FKofrnuhgwh6138jr1e5b3tcqow foreign key (planilla_id) references planillas_stock
Hibernate: alter table if exists producto_stock add constraint FK7mja41fo799cfp9j5fk4jv6c1 foreign key (producto_id) references productos
Hibernate: alter table if exists productos add constraint FK2k6lj04qqala7kgd526xduxgn foreign key (marca_id) references marcas
Hibernate: alter table if exists productos add constraint FK3aqf224x9cq30xqp4ua3fjufc foreign key (rubro_id) references rubros
Hibernate: alter table if exists proveedores_pers_fis add constraint FKt8c50qh9d5ciajtf7e1ffeclj foreign key (proveedor_id) references proveedores
Hibernate: alter table if exists proveedores_pers_jur add constraint FKskr54xjvww656kxqcj1r4gn9r foreign key (proveedor_id) references proveedores
Hibernate: alter table if exists rubros add constraint FK8ehw6t56v0yd435i8y0o3436p foreign key (rubro_id) references rubros
2024-07-29T13:35:52.942-03:00  INFO 8084 --- [           main] j.LocalContainerEntityManagerFactoryBean : Initialized JPA EntityManagerFactory for persistence unit 'default'
2024-07-29T13:35:53.686-03:00  INFO 8084 --- [           main] c.m.f.s.i.ClienteServiceImplTest         : Started ClienteServiceImplTest in 2.242 seconds (process running for 19.317)
Hibernate: select c1_0.id,case when c1_1.cliente_id is not null then 1 when c1_2.cliente_id is not null then 2 end,c1_0.de_alta,c1_0.direccion,c1_0.email,c1_0.telefono,c1_1.dni,c1_1.apellido,c1_1.nombre,c1_2.cuit_cuil,c1_2.razon_social from clientes c1_0 left join clientes_pers_fis c1_1 on c1_0.id=c1_1.cliente_id left join clientes_pers_jur c1_2 on c1_0.id=c1_2.cliente_id
]]></system-out>
  </testcase>
  <testcase name="actualizarCliente" classname="com.montoy.facturacion.services.implementations.ClienteServiceImplTest" time="0.051">
    <system-out><![CDATA[Hibernate: select c1_0.id,case when c1_1.cliente_id is not null then 1 when c1_2.cliente_id is not null then 2 end,c1_0.de_alta,c1_0.direccion,c1_0.email,c1_0.telefono,c1_1.dni,c1_1.apellido,c1_1.nombre,c1_2.cuit_cuil,c1_2.razon_social from clientes c1_0 left join clientes_pers_fis c1_1 on c1_0.id=c1_1.cliente_id left join clientes_pers_jur c1_2 on c1_0.id=c1_2.cliente_id where c1_0.id=?
]]></system-out>
  </testcase>
  <testcase name="agregarCliente" classname="com.montoy.facturacion.services.implementations.ClienteServiceImplTest" time="0.101">
    <system-out><![CDATA[Hibernate: insert into clientes (de_alta,direccion,email,telefono,id) values (?,?,?,?,default)
Hibernate: insert into clientes_pers_fis (dni,apellido,nombre,cliente_id) values (?,?,?,?)
Hibernate: select c1_0.id,case when c1_1.cliente_id is not null then 1 when c1_2.cliente_id is not null then 2 end,c1_0.de_alta,c1_0.direccion,c1_0.email,c1_0.telefono,c1_1.dni,c1_1.apellido,c1_1.nombre,c1_2.cuit_cuil,c1_2.razon_social from clientes c1_0 left join clientes_pers_fis c1_1 on c1_0.id=c1_1.cliente_id left join clientes_pers_jur c1_2 on c1_0.id=c1_2.cliente_id
]]></system-out>
  </testcase>
  <testcase name="retrieveByID" classname="com.montoy.facturacion.services.implementations.ClienteServiceImplTest" time="0.014">
    <system-out><![CDATA[Hibernate: select c1_0.id,case when c1_1.cliente_id is not null then 1 when c1_2.cliente_id is not null then 2 end,c1_0.de_alta,c1_0.direccion,c1_0.email,c1_0.telefono,c1_1.dni,c1_1.apellido,c1_1.nombre,c1_2.cuit_cuil,c1_2.razon_social from clientes c1_0 left join clientes_pers_fis c1_1 on c1_0.id=c1_1.cliente_id left join clientes_pers_jur c1_2 on c1_0.id=c1_2.cliente_id where c1_0.id=?
]]></system-out>
  </testcase>
</testsuite>